<html>
<head>
<title>TestNG:  Cucumber Tests</title>
<link href="../testng.css" rel="stylesheet" type="text/css" />
<link href="../my-testng.css" rel="stylesheet" type="text/css" />

<style type="text/css">
.log { display: none;} 
.stack-trace { display: none;} 
</style>
<script type="text/javascript">
<!--
function flip(e) {
  current = e.style.display;
  if (current == 'block') {
    e.style.display = 'none';
    return 0;
  }
  else {
    e.style.display = 'block';
    return 1;
  }
}

function toggleBox(szDivId, elem, msg1, msg2)
{
  var res = -1;  if (document.getElementById) {
    res = flip(document.getElementById(szDivId));
  }
  else if (document.all) {
    // this is the way old msie versions work
    res = flip(document.all[szDivId]);
  }
  if(elem) {
    if(res == 0) elem.innerHTML = msg1; else elem.innerHTML = msg2;
  }

}

function toggleAllBoxes() {
  if (document.getElementsByTagName) {
    d = document.getElementsByTagName('div');
    for (i = 0; i < d.length; i++) {
      if (d[i].className == 'log') {
        flip(d[i]);
      }
    }
  }
}

// -->
</script>

</head>
<body>
<h2 align='center'>Cucumber Tests</h2><table border='1' align="center">
<tr>
<td>Tests passed/Failed/Skipped:</td><td>5/1/0</td>
</tr><tr>
<td>Started on:</td><td>Thu Aug 09 16:32:53 NZST 2018</td>
</tr>
<tr><td>Total time:</td><td>475 seconds (475395 ms)</td>
</tr><tr>
<td>Included groups:</td><td></td>
</tr><tr>
<td>Excluded groups:</td><td></td>
</tr>
</table><p/>
<small><i>(Hover the method name to see the test class name)</i></small><p/>
<table width='100%' border='1' class='invocation-failed'>
<tr><td colspan='4' align='center'><b>FAILED TESTS</b></td></tr>
<tr><td><b>Test method</b></td>
<td width="30%"><b>Exception</b></td>
<td width="10%"><b>Time (seconds)</b></td>
<td><b>Instance</b></td>
</tr>
<tr>
<td title='runners.MainRunner.feature()'><b>feature</b><br>Test class: runners.MainRunner<br>Test method: Runs Cucumber Feature<br>Parameters: LogIn</td>
<td><div><pre>cucumber.runtime.CucumberException: org.junit.ComparisonFailure: expected:&lt;https://[www.easypeasyforms.com]/&gt; but was:&lt;https://[go.easypeasyforms.com/SignIn]/&gt;
	at cucumber.api.testng.TestNGCucumberRunner.runCucumber(TestNGCucumberRunner.java:69)
	at cucumber.api.testng.AbstractTestNGCucumberTests.feature(AbstractTestNGCucumberTests.java:21)
	at sun.reflect.NativeMethodAccessorImpl.invoke0(Native Method)
	at sun.reflect.NativeMethodAccessorImpl.invoke(NativeMethodAccessorImpl.java:62)
	at sun.reflect.DelegatingMethodAccessorImpl.invoke(DelegatingMethodAccessorImpl.java:43)
	at java.lang.reflect.Method.invoke(Method.java:498)
	at org.testng.internal.MethodInvocationHelper.invokeMethod(MethodInvocationHelper.java:86)
	at org.testng.internal.Invoker.invokeMethod(Invoker.java:643)
	at org.testng.internal.Invoker.invokeTestMethod(Invoker.java:820)
	at org.testng.internal.Invoker.invokeTestMethods(Invoker.java:1128)
	at org.testng.internal.TestMethodWorker.invokeTestMethods(TestMethodWorker.java:129)
	at org.testng.internal.TestMethodWorker.run(TestMethodWorker.java:112)
	at java.util.concurrent.ThreadPoolExecutor.runWorker(ThreadPoolExecutor.java:1142)
	at java.util.concurrent.ThreadPoolExecutor$Worker.run(ThreadPoolExecutor.java:617)
	at java.lang.Thread.run(Thread.java:745)
Caused by: org.junit.ComparisonFailure: expected:&lt;https://[www.easypeasyforms.com]/&gt; but was:&lt;https://[go.easypeasyforms.com/SignIn]/&gt;
	at org.junit.Assert.assertEquals(Assert.java:115)
	at org.junit.Assert.assertEquals(Assert.java:144)
	at stepDefinitions.homePageSteps.ApplicationHeaderSteps.user_should_redirect_on_the_homepage(ApplicationHeaderSteps.java:29)
	at ?.Then User should redirect on the &quot;https://www.easypeasyforms.com/&quot; homepage(signInPage/ApplicationSignInFunctionality.feature:14)
</pre></div><a href='#' onClick='toggleBox("stack-trace993894415", this, "Click to show all stack frames", "Click to hide stack frames")'>Click to show all stack frames</a>
<div class='stack-trace' id='stack-trace993894415'><pre>cucumber.runtime.CucumberException: org.junit.ComparisonFailure: expected:&lt;https://[www.easypeasyforms.com]/&gt; but was:&lt;https://[go.easypeasyforms.com/SignIn]/&gt;
	at cucumber.api.testng.TestNGCucumberRunner.runCucumber(TestNGCucumberRunner.java:69)
	at cucumber.api.testng.AbstractTestNGCucumberTests.feature(AbstractTestNGCucumberTests.java:21)
	at sun.reflect.NativeMethodAccessorImpl.invoke0(Native Method)
	at sun.reflect.NativeMethodAccessorImpl.invoke(NativeMethodAccessorImpl.java:62)
	at sun.reflect.DelegatingMethodAccessorImpl.invoke(DelegatingMethodAccessorImpl.java:43)
	at java.lang.reflect.Method.invoke(Method.java:498)
	at org.testng.internal.MethodInvocationHelper.invokeMethod(MethodInvocationHelper.java:86)
	at org.testng.internal.Invoker.invokeMethod(Invoker.java:643)
	at org.testng.internal.Invoker.invokeTestMethod(Invoker.java:820)
	at org.testng.internal.Invoker.invokeTestMethods(Invoker.java:1128)
	at org.testng.internal.TestMethodWorker.invokeTestMethods(TestMethodWorker.java:129)
	at org.testng.internal.TestMethodWorker.run(TestMethodWorker.java:112)
	at java.util.concurrent.ThreadPoolExecutor.runWorker(ThreadPoolExecutor.java:1142)
	at java.util.concurrent.ThreadPoolExecutor$Worker.run(ThreadPoolExecutor.java:617)
	at java.lang.Thread.run(Thread.java:745)
Caused by: org.junit.ComparisonFailure: expected:&lt;https://[www.easypeasyforms.com]/&gt; but was:&lt;https://[go.easypeasyforms.com/SignIn]/&gt;
	at org.junit.Assert.assertEquals(Assert.java:115)
	at org.junit.Assert.assertEquals(Assert.java:144)
	at stepDefinitions.homePageSteps.ApplicationHeaderSteps.user_should_redirect_on_the_homepage(ApplicationHeaderSteps.java:29)
	at ?.Then User should redirect on the &quot;https://www.easypeasyforms.com/&quot; homepage(signInPage/ApplicationSignInFunctionality.feature:14)
</pre></div></td>
<td>134</td>
<td>runners.MainRunner@3f49dace</td></tr>
</table><p>
<table width='100%' border='1' class='invocation-passed'>
<tr><td colspan='4' align='center'><b>PASSED TESTS</b></td></tr>
<tr><td><b>Test method</b></td>
<td width="30%"><b>Exception</b></td>
<td width="10%"><b>Time (seconds)</b></td>
<td><b>Instance</b></td>
</tr>
<tr>
<td title='runners.MainRunner.feature()'><b>feature</b><br>Test class: runners.MainRunner<br>Test method: Runs Cucumber Feature<br>Parameters: Application Features Page</td>
<td></td>
<td>14</td>
<td>runners.MainRunner@3f49dace</td></tr>
<tr>
<td title='runners.MainRunner.feature()'><b>feature</b><br>Test class: runners.MainRunner<br>Test method: Runs Cucumber Feature<br>Parameters: Application Footer</td>
<td></td>
<td>132</td>
<td>runners.MainRunner@3f49dace</td></tr>
<tr>
<td title='runners.MainRunner.feature()'><b>feature</b><br>Test class: runners.MainRunner<br>Test method: Runs Cucumber Feature<br>Parameters: Application Header</td>
<td></td>
<td>102</td>
<td>runners.MainRunner@3f49dace</td></tr>
<tr>
<td title='runners.MainRunner.feature()'><b>feature</b><br>Test class: runners.MainRunner<br>Test method: Runs Cucumber Feature<br>Parameters: Application Homepage Body</td>
<td></td>
<td>41</td>
<td>runners.MainRunner@3f49dace</td></tr>
<tr>
<td title='runners.MainRunner.feature()'><b>feature</b><br>Test class: runners.MainRunner<br>Test method: Runs Cucumber Feature<br>Parameters: Application Pricing Page</td>
<td></td>
<td>46</td>
<td>runners.MainRunner@3f49dace</td></tr>
</table><p>
</body>
</html>