<?xml version="1.0" encoding="UTF-8"?>
<!-- Generated by org.testng.reporters.JUnitReportReporter -->
<testsuite hostname="Harry" name="runners.MainRunner" tests="6" failures="0" timestamp="9 Aug 2018 04:40:49 GMT" time="473.739" errors="1">
  <testcase name="feature" time="132.836" classname="runners.MainRunner"/>
  <testcase name="feature" time="46.964" classname="runners.MainRunner"/>
  <testcase name="feature" time="134.910" classname="runners.MainRunner">
    <error type="cucumber.runtime.CucumberException" message="org.junit.ComparisonFailure: expected:&lt;https://[www.easypeasyforms.com]/&gt; but was:&lt;https://[go.easypeasyforms.com/SignIn]/&gt;">
      <![CDATA[cucumber.runtime.CucumberException: org.junit.ComparisonFailure: expected:<https://[www.easypeasyforms.com]/> but was:<https://[go.easypeasyforms.com/SignIn]/>
	at cucumber.api.testng.TestNGCucumberRunner.runCucumber(TestNGCucumberRunner.java:69)
	at cucumber.api.testng.AbstractTestNGCucumberTests.feature(AbstractTestNGCucumberTests.java:21)
	at sun.reflect.NativeMethodAccessorImpl.invoke0(Native Method)
	at sun.reflect.NativeMethodAccessorImpl.invoke(NativeMethodAccessorImpl.java:62)
	at sun.reflect.DelegatingMethodAccessorImpl.invoke(DelegatingMethodAccessorImpl.java:43)
	at java.lang.reflect.Method.invoke(Method.java:498)
	at org.testng.internal.MethodInvocationHelper.invokeMethod(MethodInvocationHelper.java:86)
	at org.testng.internal.Invoker.invokeMethod(Invoker.java:643)
	at org.testng.internal.Invoker.invokeTestMethod(Invoker.java:820)
	at org.testng.internal.Invoker.invokeTestMethods(Invoker.java:1128)
	at org.testng.internal.TestMethodWorker.invokeTestMethods(TestMethodWorker.java:129)
	at org.testng.internal.TestMethodWorker.run(TestMethodWorker.java:112)
	at java.util.concurrent.ThreadPoolExecutor.runWorker(ThreadPoolExecutor.java:1142)
	at java.util.concurrent.ThreadPoolExecutor$Worker.run(ThreadPoolExecutor.java:617)
	at java.lang.Thread.run(Thread.java:745)
Caused by: org.junit.ComparisonFailure: expected:<https://[www.easypeasyforms.com]/> but was:<https://[go.easypeasyforms.com/SignIn]/>
	at org.junit.Assert.assertEquals(Assert.java:115)
	at org.junit.Assert.assertEquals(Assert.java:144)
	at stepDefinitions.homePageSteps.ApplicationHeaderSteps.user_should_redirect_on_the_homepage(ApplicationHeaderSteps.java:29)
	at âœ½.Then User should redirect on the "https://www.easypeasyforms.com/" homepage(signInPage/ApplicationSignInFunctionality.feature:14)
]]>
    </error>
  </testcase> <!-- feature -->
  <testcase name="feature" time="41.789" classname="runners.MainRunner"/>
  <testcase name="feature" time="14.811" classname="runners.MainRunner"/>
  <testcase name="feature" time="102.429" classname="runners.MainRunner"/>
</testsuite> <!-- runners.MainRunner -->
